# JRE version: OpenJDK Runtime Environment (8.0_152-b06) (build 1.8.0_152-release-1136-b06)
# Java VM: OpenJDK 64-Bit Server VM (25.152-b06 mixed mode windows-amd64 compressed oops)
Heap:
 PSYoungGen      total 460288K, used 186166K [0x00000000e0000000, 0x00000000ffc00000, 0x0000000100000000)
  eden space 403456K, 45% used [0x00000000e0000000,0x00000000eb299a38,0x00000000f8a00000)
  from space 56832K, 5% used [0x00000000fc480000,0x00000000fc7b4040,0x00000000ffc00000)
  to   space 58368K, 0% used [0x00000000f8a00000,0x00000000f8a00000,0x00000000fc300000)
 ParOldGen       total 441344K, used 347684K [0x00000000a0000000, 0x00000000baf00000, 0x00000000e0000000)
  object space 441344K, 78% used [0x00000000a0000000,0x00000000b5389238,0x00000000baf00000)
 Metaspace       used 106504K, capacity 111722K, committed 113356K, reserved 1148928K
  class space    used 13105K, capacity 14181K, committed 14580K, reserved 1048576K
GC Heap History (10 events):
Event: 3473.143 GC heap before
{Heap before GC invocations=75 (full 5):
 PSYoungGen      total 445952K, used 375763K [0x00000000e0000000, 0x0000000100000000, 0x0000000100000000)
  eden space 376320K, 99% used [0x00000000e0000000,0x00000000f6ed4f38,0x00000000f6f80000)
  from space 69632K, 0% used [0x00000000f6f80000,0x00000000f6fa0000,0x00000000fb380000)
  to   space 67584K, 0% used [0x00000000fbe00000,0x00000000fbe00000,0x0000000100000000)
 ParOldGen       total 441344K, used 338644K [0x00000000a0000000, 0x00000000baf00000, 0x00000000e0000000)
  object space 441344K, 76% used [0x00000000a0000000,0x00000000b4ab53a0,0x00000000baf00000)
 Metaspace       used 105002K, capacity 109790K, committed 112844K, reserved 1146880K
  class space    used 12867K, capacity 13839K, committed 14580K, reserved 1048576K
Event: 3473.148 GC heap after
Heap after GC invocations=75 (full 5):
 PSYoungGen      total 449536K, used 128K [0x00000000e0000000, 0x00000000ffb00000, 0x0000000100000000)
  eden space 387072K, 0% used [0x00000000e0000000,0x00000000e0000000,0x00000000f7a00000)
  from space 62464K, 0% used [0x00000000fbe00000,0x00000000fbe20000,0x00000000ffb00000)
  to   space 66048K, 0% used [0x00000000f7a00000,0x00000000f7a00000,0x00000000fba80000)
 ParOldGen       total 441344K, used 338684K [0x00000000a0000000, 0x00000000baf00000, 0x00000000e0000000)
  object space 441344K, 76% used [0x00000000a0000000,0x00000000b4abf3a0,0x00000000baf00000)
 Metaspace       used 105002K, capacity 109790K, committed 112844K, reserved 1146880K
  class space    used 12867K, capacity 13839K, committed 14580K, reserved 1048576K
}
Event: 3473.184 GC heap before
{Heap before GC invocations=76 (full 5):
 PSYoungGen      total 449536K, used 387200K [0x00000000e0000000, 0x00000000ffb00000, 0x0000000100000000)
  eden space 387072K, 100% used [0x00000000e0000000,0x00000000f7a00000,0x00000000f7a00000)
  from space 62464K, 0% used [0x00000000fbe00000,0x00000000fbe20000,0x00000000ffb00000)
  to   space 66048K, 0% used [0x00000000f7a00000,0x00000000f7a00000,0x00000000fba80000)
 ParOldGen       total 441344K, used 338684K [0x00000000a0000000, 0x00000000baf00000, 0x00000000e0000000)
  object space 441344K, 76% used [0x00000000a0000000,0x00000000b4abf3a0,0x00000000baf00000)
 Metaspace       used 105002K, capacity 109790K, committed 112844K, reserved 1146880K
  class space    used 12867K, capacity 13839K, committed 14580K, reserved 1048576K
Event: 3473.188 GC heap after
Heap after GC invocations=76 (full 5):
 PSYoungGen      total 453120K, used 96K [0x00000000e0000000, 0x00000000ffe80000, 0x0000000100000000)
  eden space 387072K, 0% used [0x00000000e0000000,0x00000000e0000000,0x00000000f7a00000)
  from space 66048K, 0% used [0x00000000f7a00000,0x00000000f7a18000,0x00000000fba80000)
  to   space 63488K, 0% used [0x00000000fc080000,0x00000000fc080000,0x00000000ffe80000)
 ParOldGen       total 441344K, used 338716K [0x00000000a0000000, 0x00000000baf00000, 0x00000000e0000000)
  object space 441344K, 76% used [0x00000000a0000000,0x00000000b4ac73a0,0x00000000baf00000)
 Metaspace       used 105002K, capacity 109790K, committed 112844K, reserved 1146880K
  class space    used 12867K, capacity 13839K, committed 14580K, reserved 1048576K
}
Event: 3754.455 GC heap before
{Heap before GC invocations=77 (full 5):
 PSYoungGen      total 453120K, used 387168K [0x00000000e0000000, 0x00000000ffe80000, 0x0000000100000000)
  eden space 387072K, 100% used [0x00000000e0000000,0x00000000f7a00000,0x00000000f7a00000)
  from space 66048K, 0% used [0x00000000f7a00000,0x00000000f7a18000,0x00000000fba80000)
  to   space 63488K, 0% used [0x00000000fc080000,0x00000000fc080000,0x00000000ffe80000)
 ParOldGen       total 441344K, used 338716K [0x00000000a0000000, 0x00000000baf00000, 0x00000000e0000000)
  object space 441344K, 76% used [0x00000000a0000000,0x00000000b4ac73a0,0x00000000baf00000)
 Metaspace       used 105272K, capacity 110240K, committed 112844K, reserved 1146880K
  class space    used 12891K, capacity 13897K, committed 14580K, reserved 1048576K
Event: 3754.465 GC heap after
Heap after GC invocations=77 (full 5):
 PSYoungGen      total 450048K, used 6006K [0x00000000e0000000, 0x00000000ff680000, 0x0000000100000000)
  eden space 394752K, 0% used [0x00000000e0000000,0x00000000e0000000,0x00000000f8180000)
  from space 55296K, 10% used [0x00000000fc080000,0x00000000fc65da80,0x00000000ff680000)
  to   space 59904K, 0% used [0x00000000f8180000,0x00000000f8180000,0x00000000fbc00000)
 ParOldGen       total 441344K, used 338748K [0x00000000a0000000, 0x00000000baf00000, 0x00000000e0000000)
  object space 441344K, 76% used [0x00000000a0000000,0x00000000b4acf3a0,0x00000000baf00000)
 Metaspace       used 105272K, capacity 110240K, committed 112844K, reserved 1146880K
  class space    used 12891K, capacity 13897K, committed 14580K, reserved 1048576K
}
Event: 3768.445 GC heap before
{Heap before GC invocations=78 (full 5):
 PSYoungGen      total 450048K, used 400758K [0x00000000e0000000, 0x00000000ff680000, 0x0000000100000000)
  eden space 394752K, 100% used [0x00000000e0000000,0x00000000f8180000,0x00000000f8180000)
  from space 55296K, 10% used [0x00000000fc080000,0x00000000fc65da80,0x00000000ff680000)
  to   space 59904K, 0% used [0x00000000f8180000,0x00000000f8180000,0x00000000fbc00000)
 ParOldGen       total 441344K, used 338748K [0x00000000a0000000, 0x00000000baf00000, 0x00000000e0000000)
  object space 441344K, 76% used [0x00000000a0000000,0x00000000b4acf3a0,0x00000000baf00000)
 Metaspace       used 105512K, capacity 110444K, committed 112844K, reserved 1146880K
  class space    used 12893K, capacity 13899K, committed 14580K, reserved 1048576K
Event: 3768.475 GC heap after
Heap after GC invocations=78 (full 5):
 PSYoungGen      total 454656K, used 28860K [0x00000000e0000000, 0x0000000100000000, 0x0000000100000000)
  eden space 394752K, 0% used [0x00000000e0000000,0x00000000e0000000,0x00000000f8180000)
  from space 59904K, 48% used [0x00000000f8180000,0x00000000f9daf140,0x00000000fbc00000)
  to   space 60928K, 0% used [0x00000000fc480000,0x00000000fc480000,0x0000000100000000)
 ParOldGen       total 441344K, used 344374K [0x00000000a0000000, 0x00000000baf00000, 0x00000000e0000000)
  object space 441344K, 78% used [0x00000000a0000000,0x00000000b504d808,0x00000000baf00000)
 Metaspace       used 105512K, capacity 110444K, committed 112844K, reserved 1146880K
  class space    used 12893K, capacity 13899K, committed 14580K, reserved 1048576K
}
Event: 3772.625 GC heap before
{Heap before GC invocations=79 (full 5):
 PSYoungGen      total 454656K, used 423612K [0x00000000e0000000, 0x0000000100000000, 0x0000000100000000)
  eden space 394752K, 100% used [0x00000000e0000000,0x00000000f8180000,0x00000000f8180000)
  from space 59904K, 48% used [0x00000000f8180000,0x00000000f9daf140,0x00000000fbc00000)
  to   space 60928K, 0% used [0x00000000fc480000,0x00000000fc480000,0x0000000100000000)
 ParOldGen       total 441344K, used 344374K [0x00000000a0000000, 0x00000000baf00000, 0x00000000e0000000)
  object space 441344K, 78% used [0x00000000a0000000,0x00000000b504d808,0x00000000baf00000)
 Metaspace       used 105801K, capacity 110964K, committed 113100K, reserved 1148928K
  class space    used 12947K, capacity 13974K, committed 14580K, reserved 1048576K
Event: 3772.636 GC heap after
Heap after GC invocations=79 (full 5):
 PSYoungGen      total 460288K, used 3280K [0x00000000e0000000, 0x00000000ffc00000, 0x0000000100000000)
  eden space 403456K, 0% used [0x00000000e0000000,0x00000000e0000000,0x00000000f8a00000)
  from space 56832K, 5% used [0x00000000fc480000,0x00000000fc7b4040,0x00000000ffc00000)
  to   space 58368K, 0% used [0x00000000f8a00000,0x00000000f8a00000,0x00000000fc300000)
 ParOldGen       total 441344K, used 347684K [0x00000000a0000000, 0x00000000baf00000, 0x00000000e0000000)
  object space 441344K, 78% used [0x00000000a0000000,0x00000000b5389238,0x00000000baf00000)
 Metaspace       used 105801K, capacity 110964K, committed 113100K, reserved 1148928K
  class space    used 12947K, capacity 13974K, committed 14580K, reserved 1048576K
}

