# JRE version: OpenJDK Runtime Environment (8.0_152-b01) (build 1.8.0_152-release-1248-b01)
# Java VM: OpenJDK 64-Bit Server VM (25.152-b01 mixed mode windows-amd64 compressed oops)
Heap:
 PSYoungGen      total 267776K, used 60300K [0x00000000eab00000, 0x00000000ff880000, 0x0000000100000000)
  eden space 191488K, 13% used [0x00000000eab00000,0x00000000ec4e6570,0x00000000f6600000)
  from space 76288K, 44% used [0x00000000f6600000,0x00000000f86fce78,0x00000000fb080000)
  to   space 72192K, 0% used [0x00000000fb200000,0x00000000fb200000,0x00000000ff880000)
 ParOldGen       total 220160K, used 12661K [0x00000000c0000000, 0x00000000cd700000, 0x00000000eab00000)
  object space 220160K, 5% used [0x00000000c0000000,0x00000000c0c5d440,0x00000000cd700000)
 Metaspace       used 62371K, capacity 63656K, committed 66456K, reserved 1107968K
  class space    used 6930K, capacity 7235K, committed 7848K, reserved 1048576K
GC Heap History (10 events):
Event: 610.631 GC heap before
{Heap before GC invocations=18 (full 4):
 PSYoungGen      total 231424K, used 231395K [0x00000000eab00000, 0x00000000fbb80000, 0x0000000100000000)
  eden space 183808K, 100% used [0x00000000eab00000,0x00000000f5e80000,0x00000000f5e80000)
  from space 47616K, 99% used [0x00000000f5e80000,0x00000000f8cf8e58,0x00000000f8d00000)
  to   space 42496K, 0% used [0x00000000f9200000,0x00000000f9200000,0x00000000fbb80000)
 ParOldGen       total 220160K, used 60506K [0x00000000c0000000, 0x00000000cd700000, 0x00000000eab00000)
  object space 220160K, 27% used [0x00000000c0000000,0x00000000c3b16928,0x00000000cd700000)
 Metaspace       used 63308K, capacity 65118K, committed 65304K, reserved 1107968K
  class space    used 7199K, capacity 7662K, committed 7720K, reserved 1048576K
Event: 610.681 GC heap after
Heap after GC invocations=18 (full 4):
 PSYoungGen      total 204800K, used 42491K [0x00000000eab00000, 0x0000000100000000, 0x0000000100000000)
  eden space 162304K, 0% used [0x00000000eab00000,0x00000000eab00000,0x00000000f4980000)
  from space 42496K, 99% used [0x00000000f9200000,0x00000000fbb7edb0,0x00000000fbb80000)
  to   space 74240K, 0% used [0x00000000f4980000,0x00000000f4980000,0x00000000f9200000)
 ParOldGen       total 220160K, used 95034K [0x00000000c0000000, 0x00000000cd700000, 0x00000000eab00000)
  object space 220160K, 43% used [0x00000000c0000000,0x00000000c5cceb68,0x00000000cd700000)
 Metaspace       used 63308K, capacity 65118K, committed 65304K, reserved 1107968K
  class space    used 7199K, capacity 7662K, committed 7720K, reserved 1048576K
}
Event: 1007.682 GC heap before
{Heap before GC invocations=19 (full 4):
 PSYoungGen      total 204800K, used 204795K [0x00000000eab00000, 0x0000000100000000, 0x0000000100000000)
  eden space 162304K, 100% used [0x00000000eab00000,0x00000000f4980000,0x00000000f4980000)
  from space 42496K, 99% used [0x00000000f9200000,0x00000000fbb7edb0,0x00000000fbb80000)
  to   space 74240K, 0% used [0x00000000f4980000,0x00000000f4980000,0x00000000f9200000)
 ParOldGen       total 220160K, used 95034K [0x00000000c0000000, 0x00000000cd700000, 0x00000000eab00000)
  object space 220160K, 43% used [0x00000000c0000000,0x00000000c5cceb68,0x00000000cd700000)
 Metaspace       used 63850K, capacity 65744K, committed 65944K, reserved 1107968K
  class space    used 7244K, capacity 7737K, committed 7848K, reserved 1048576K
Event: 1007.729 GC heap after
Heap after GC invocations=19 (full 4):
 PSYoungGen      total 236544K, used 59415K [0x00000000eab00000, 0x0000000100000000, 0x0000000100000000)
  eden space 162304K, 0% used [0x00000000eab00000,0x00000000eab00000,0x00000000f4980000)
  from space 74240K, 80% used [0x00000000f4980000,0x00000000f8385f08,0x00000000f9200000)
  to   space 80896K, 0% used [0x00000000fb100000,0x00000000fb100000,0x0000000100000000)
 ParOldGen       total 220160K, used 107072K [0x00000000c0000000, 0x00000000cd700000, 0x00000000eab00000)
  object space 220160K, 48% used [0x00000000c0000000,0x00000000c68902d0,0x00000000cd700000)
 Metaspace       used 63850K, capacity 65744K, committed 65944K, reserved 1107968K
  class space    used 7244K, capacity 7737K, committed 7848K, reserved 1048576K
}
Event: 3665.496 GC heap before
{Heap before GC invocations=20 (full 4):
 PSYoungGen      total 236544K, used 180952K [0x00000000eab00000, 0x0000000100000000, 0x0000000100000000)
  eden space 162304K, 74% used [0x00000000eab00000,0x00000000f21b0190,0x00000000f4980000)
  from space 74240K, 80% used [0x00000000f4980000,0x00000000f8385f08,0x00000000f9200000)
  to   space 80896K, 0% used [0x00000000fb100000,0x00000000fb100000,0x0000000100000000)
 ParOldGen       total 220160K, used 107072K [0x00000000c0000000, 0x00000000cd700000, 0x00000000eab00000)
  object space 220160K, 48% used [0x00000000c0000000,0x00000000c68902d0,0x00000000cd700000)
 Metaspace       used 64410K, capacity 66272K, committed 66456K, reserved 1107968K
  class space    used 7257K, capacity 7739K, committed 7848K, reserved 1048576K
Event: 3665.536 GC heap after
Heap after GC invocations=20 (full 4):
 PSYoungGen      total 267264K, used 32087K [0x00000000eab00000, 0x00000000ffb00000, 0x0000000100000000)
  eden space 191488K, 0% used [0x00000000eab00000,0x00000000eab00000,0x00000000f6600000)
  from space 75776K, 42% used [0x00000000fb100000,0x00000000fd055d08,0x00000000ffb00000)
  to   space 76288K, 0% used [0x00000000f6600000,0x00000000f6600000,0x00000000fb080000)
 ParOldGen       total 220160K, used 107072K [0x00000000c0000000, 0x00000000cd700000, 0x00000000eab00000)
  object space 220160K, 48% used [0x00000000c0000000,0x00000000c68902d0,0x00000000cd700000)
 Metaspace       used 64410K, capacity 66272K, committed 66456K, reserved 1107968K
  class space    used 7257K, capacity 7739K, committed 7848K, reserved 1048576K
}
Event: 3665.536 GC heap before
{Heap before GC invocations=21 (full 5):
 PSYoungGen      total 267264K, used 32087K [0x00000000eab00000, 0x00000000ffb00000, 0x0000000100000000)
  eden space 191488K, 0% used [0x00000000eab00000,0x00000000eab00000,0x00000000f6600000)
  from space 75776K, 42% used [0x00000000fb100000,0x00000000fd055d08,0x00000000ffb00000)
  to   space 76288K, 0% used [0x00000000f6600000,0x00000000f6600000,0x00000000fb080000)
 ParOldGen       total 220160K, used 107072K [0x00000000c0000000, 0x00000000cd700000, 0x00000000eab00000)
  object space 220160K, 48% used [0x00000000c0000000,0x00000000c68902d0,0x00000000cd700000)
 Metaspace       used 64410K, capacity 66272K, committed 66456K, reserved 1107968K
  class space    used 7257K, capacity 7739K, committed 7848K, reserved 1048576K
Event: 3665.646 GC heap after
Heap after GC invocations=21 (full 5):
 PSYoungGen      total 267264K, used 0K [0x00000000eab00000, 0x00000000ffb00000, 0x0000000100000000)
  eden space 191488K, 0% used [0x00000000eab00000,0x00000000eab00000,0x00000000f6600000)
  from space 75776K, 0% used [0x00000000fb100000,0x00000000fb100000,0x00000000ffb00000)
  to   space 76288K, 0% used [0x00000000f6600000,0x00000000f6600000,0x00000000fb080000)
 ParOldGen       total 220160K, used 12653K [0x00000000c0000000, 0x00000000cd700000, 0x00000000eab00000)
  object space 220160K, 5% used [0x00000000c0000000,0x00000000c0c5b440,0x00000000cd700000)
 Metaspace       used 61380K, capacity 62442K, committed 66456K, reserved 1107968K
  class space    used 6849K, capacity 7114K, committed 7848K, reserved 1048576K
}
Event: 4641.779 GC heap before
{Heap before GC invocations=22 (full 5):
 PSYoungGen      total 267264K, used 191488K [0x00000000eab00000, 0x00000000ffb00000, 0x0000000100000000)
  eden space 191488K, 100% used [0x00000000eab00000,0x00000000f6600000,0x00000000f6600000)
  from space 75776K, 0% used [0x00000000fb100000,0x00000000fb100000,0x00000000ffb00000)
  to   space 76288K, 0% used [0x00000000f6600000,0x00000000f6600000,0x00000000fb080000)
 ParOldGen       total 220160K, used 12653K [0x00000000c0000000, 0x00000000cd700000, 0x00000000eab00000)
  object space 220160K, 5% used [0x00000000c0000000,0x00000000c0c5b440,0x00000000cd700000)
 Metaspace       used 62293K, capacity 63568K, committed 66456K, reserved 1107968K
  class space    used 6924K, capacity 7231K, committed 7848K, reserved 1048576K
Event: 4641.820 GC heap after
Heap after GC invocations=22 (full 5):
 PSYoungGen      total 267776K, used 33779K [0x00000000eab00000, 0x00000000ff880000, 0x0000000100000000)
  eden space 191488K, 0% used [0x00000000eab00000,0x00000000eab00000,0x00000000f6600000)
  from space 76288K, 44% used [0x00000000f6600000,0x00000000f86fce78,0x00000000fb080000)
  to   space 72192K, 0% used [0x00000000fb200000,0x00000000fb200000,0x00000000ff880000)
 ParOldGen       total 220160K, used 12661K [0x00000000c0000000, 0x00000000cd700000, 0x00000000eab00000)
  object space 220160K, 5% used [0x00000000c0000000,0x00000000c0c5d440,0x00000000cd700000)
 Metaspace       used 62293K, capacity 63568K, committed 66456K, reserved 1107968K
  class space    used 6924K, capacity 7231K, committed 7848K, reserved 1048576K
}

