# JRE version: OpenJDK Runtime Environment (8.0_152-b01) (build 1.8.0_152-release-1248-b01)
# Java VM: OpenJDK 64-Bit Server VM (25.152-b01 mixed mode windows-amd64 compressed oops)
Heap:
 PSYoungGen      total 326656K, used 279227K [0x00000000eab00000, 0x00000000ffd80000, 0x0000000100000000)
  eden space 309760K, 88% used [0x00000000eab00000,0x00000000fb780608,0x00000000fd980000)
  from space 16896K, 25% used [0x00000000fed00000,0x00000000ff12e9a8,0x00000000ffd80000)
  to   space 18432K, 0% used [0x00000000fd980000,0x00000000fd980000,0x00000000feb80000)
 ParOldGen       total 408064K, used 96086K [0x00000000c0000000, 0x00000000d8e80000, 0x00000000eab00000)
  object space 408064K, 23% used [0x00000000c0000000,0x00000000c5dd5a08,0x00000000d8e80000)
 Metaspace       used 90433K, capacity 94428K, committed 94720K, reserved 1132544K
  class space    used 11449K, capacity 12232K, committed 12288K, reserved 1048576K
GC Heap History (10 events):
Event: 6911.366 GC heap before
{Heap before GC invocations=44 (full 4):
 PSYoungGen      total 323072K, used 298048K [0x00000000eab00000, 0x00000000ffe80000, 0x0000000100000000)
  eden space 297984K, 100% used [0x00000000eab00000,0x00000000fce00000,0x00000000fce00000)
  from space 25088K, 0% used [0x00000000fce00000,0x00000000fce10000,0x00000000fe680000)
  to   space 24064K, 0% used [0x00000000fe700000,0x00000000fe700000,0x00000000ffe80000)
 ParOldGen       total 408064K, used 86399K [0x00000000c0000000, 0x00000000d8e80000, 0x00000000eab00000)
  object space 408064K, 21% used [0x00000000c0000000,0x00000000c545fc88,0x00000000d8e80000)
 Metaspace       used 89856K, capacity 93694K, committed 93952K, reserved 1130496K
  class space    used 11430K, capacity 12197K, committed 12288K, reserved 1048576K
Event: 6911.380 GC heap after
Heap after GC invocations=44 (full 4):
 PSYoungGen      total 321536K, used 5888K [0x00000000eab00000, 0x00000000ffc00000, 0x0000000100000000)
  eden space 300032K, 0% used [0x00000000eab00000,0x00000000eab00000,0x00000000fd000000)
  from space 21504K, 27% used [0x00000000fe700000,0x00000000fecc0080,0x00000000ffc00000)
  to   space 22528K, 0% used [0x00000000fd000000,0x00000000fd000000,0x00000000fe600000)
 ParOldGen       total 408064K, used 86423K [0x00000000c0000000, 0x00000000d8e80000, 0x00000000eab00000)
  object space 408064K, 21% used [0x00000000c0000000,0x00000000c5465c88,0x00000000d8e80000)
 Metaspace       used 89856K, capacity 93694K, committed 93952K, reserved 1130496K
  class space    used 11430K, capacity 12197K, committed 12288K, reserved 1048576K
}
Event: 6917.477 GC heap before
{Heap before GC invocations=45 (full 4):
 PSYoungGen      total 321536K, used 305920K [0x00000000eab00000, 0x00000000ffc00000, 0x0000000100000000)
  eden space 300032K, 100% used [0x00000000eab00000,0x00000000fd000000,0x00000000fd000000)
  from space 21504K, 27% used [0x00000000fe700000,0x00000000fecc0080,0x00000000ffc00000)
  to   space 22528K, 0% used [0x00000000fd000000,0x00000000fd000000,0x00000000fe600000)
 ParOldGen       total 408064K, used 86423K [0x00000000c0000000, 0x00000000d8e80000, 0x00000000eab00000)
  object space 408064K, 21% used [0x00000000c0000000,0x00000000c5465c88,0x00000000d8e80000)
 Metaspace       used 90033K, capacity 93954K, committed 94208K, reserved 1130496K
  class space    used 11430K, capacity 12197K, committed 12288K, reserved 1048576K
Event: 6917.522 GC heap after
Heap after GC invocations=45 (full 4):
 PSYoungGen      total 322560K, used 3187K [0x00000000eab00000, 0x00000000fff00000, 0x0000000100000000)
  eden space 300032K, 0% used [0x00000000eab00000,0x00000000eab00000,0x00000000fd000000)
  from space 22528K, 14% used [0x00000000fd000000,0x00000000fd31cf70,0x00000000fe600000)
  to   space 21504K, 0% used [0x00000000fea00000,0x00000000fea00000,0x00000000fff00000)
 ParOldGen       total 408064K, used 91805K [0x00000000c0000000, 0x00000000d8e80000, 0x00000000eab00000)
  object space 408064K, 22% used [0x00000000c0000000,0x00000000c59a7588,0x00000000d8e80000)
 Metaspace       used 90033K, capacity 93954K, committed 94208K, reserved 1130496K
  class space    used 11430K, capacity 12197K, committed 12288K, reserved 1048576K
}
Event: 6918.144 GC heap before
{Heap before GC invocations=46 (full 4):
 PSYoungGen      total 322560K, used 302595K [0x00000000eab00000, 0x00000000fff00000, 0x0000000100000000)
  eden space 300032K, 99% used [0x00000000eab00000,0x00000000fcf63eb0,0x00000000fd000000)
  from space 22528K, 14% used [0x00000000fd000000,0x00000000fd31cf70,0x00000000fe600000)
  to   space 21504K, 0% used [0x00000000fea00000,0x00000000fea00000,0x00000000fff00000)
 ParOldGen       total 408064K, used 91805K [0x00000000c0000000, 0x00000000d8e80000, 0x00000000eab00000)
  object space 408064K, 22% used [0x00000000c0000000,0x00000000c59a7588,0x00000000d8e80000)
 Metaspace       used 90119K, capacity 93980K, committed 94208K, reserved 1130496K
  class space    used 11432K, capacity 12200K, committed 12288K, reserved 1048576K
Event: 6918.163 GC heap after
Heap after GC invocations=46 (full 4):
 PSYoungGen      total 323584K, used 4433K [0x00000000eab00000, 0x00000000ffc00000, 0x0000000100000000)
  eden space 305152K, 0% used [0x00000000eab00000,0x00000000eab00000,0x00000000fd500000)
  from space 18432K, 24% used [0x00000000fea00000,0x00000000fee54540,0x00000000ffc00000)
  to   space 19968K, 0% used [0x00000000fd500000,0x00000000fd500000,0x00000000fe880000)
 ParOldGen       total 408064K, used 93467K [0x00000000c0000000, 0x00000000d8e80000, 0x00000000eab00000)
  object space 408064K, 22% used [0x00000000c0000000,0x00000000c5b46f58,0x00000000d8e80000)
 Metaspace       used 90119K, capacity 93980K, committed 94208K, reserved 1130496K
  class space    used 11432K, capacity 12200K, committed 12288K, reserved 1048576K
}
Event: 6918.199 GC heap before
{Heap before GC invocations=47 (full 4):
 PSYoungGen      total 323584K, used 308769K [0x00000000eab00000, 0x00000000ffc00000, 0x0000000100000000)
  eden space 305152K, 99% used [0x00000000eab00000,0x00000000fd434230,0x00000000fd500000)
  from space 18432K, 24% used [0x00000000fea00000,0x00000000fee54540,0x00000000ffc00000)
  to   space 19968K, 0% used [0x00000000fd500000,0x00000000fd500000,0x00000000fe880000)
 ParOldGen       total 408064K, used 93467K [0x00000000c0000000, 0x00000000d8e80000, 0x00000000eab00000)
  object space 408064K, 22% used [0x00000000c0000000,0x00000000c5b46f58,0x00000000d8e80000)
 Metaspace       used 90122K, capacity 94044K, committed 94208K, reserved 1130496K
  class space    used 11432K, capacity 12200K, committed 12288K, reserved 1048576K
Event: 6918.216 GC heap after
Heap after GC invocations=47 (full 4):
 PSYoungGen      total 325120K, used 64K [0x00000000eab00000, 0x0000000100000000, 0x0000000100000000)
  eden space 305152K, 0% used [0x00000000eab00000,0x00000000eab00000,0x00000000fd500000)
  from space 19968K, 0% used [0x00000000fd500000,0x00000000fd510000,0x00000000fe880000)
  to   space 19456K, 0% used [0x00000000fed00000,0x00000000fed00000,0x0000000100000000)
 ParOldGen       total 408064K, used 96054K [0x00000000c0000000, 0x00000000d8e80000, 0x00000000eab00000)
  object space 408064K, 23% used [0x00000000c0000000,0x00000000c5dcda08,0x00000000d8e80000)
 Metaspace       used 90122K, capacity 94044K, committed 94208K, reserved 1130496K
  class space    used 11432K, capacity 12200K, committed 12288K, reserved 1048576K
}
Event: 7054.189 GC heap before
{Heap before GC invocations=48 (full 4):
 PSYoungGen      total 325120K, used 305216K [0x00000000eab00000, 0x0000000100000000, 0x0000000100000000)
  eden space 305152K, 100% used [0x00000000eab00000,0x00000000fd500000,0x00000000fd500000)
  from space 19968K, 0% used [0x00000000fd500000,0x00000000fd510000,0x00000000fe880000)
  to   space 19456K, 0% used [0x00000000fed00000,0x00000000fed00000,0x0000000100000000)
 ParOldGen       total 408064K, used 96054K [0x00000000c0000000, 0x00000000d8e80000, 0x00000000eab00000)
  object space 408064K, 23% used [0x00000000c0000000,0x00000000c5dcda08,0x00000000d8e80000)
 Metaspace       used 90265K, capacity 94222K, committed 94464K, reserved 1132544K
  class space    used 11442K, capacity 12219K, committed 12288K, reserved 1048576K
Event: 7054.193 GC heap after
Heap after GC invocations=48 (full 4):
 PSYoungGen      total 326656K, used 4282K [0x00000000eab00000, 0x00000000ffd80000, 0x0000000100000000)
  eden space 309760K, 0% used [0x00000000eab00000,0x00000000eab00000,0x00000000fd980000)
  from space 16896K, 25% used [0x00000000fed00000,0x00000000ff12e9a8,0x00000000ffd80000)
  to   space 18432K, 0% used [0x00000000fd980000,0x00000000fd980000,0x00000000feb80000)
 ParOldGen       total 408064K, used 96086K [0x00000000c0000000, 0x00000000d8e80000, 0x00000000eab00000)
  object space 408064K, 23% used [0x00000000c0000000,0x00000000c5dd5a08,0x00000000d8e80000)
 Metaspace       used 90265K, capacity 94222K, committed 94464K, reserved 1132544K
  class space    used 11442K, capacity 12219K, committed 12288K, reserved 1048576K
}

